<?xml version="1.0" encoding="UTF-8"?>
<!-- Generated by org.testng.reporters.JUnitXMLReporter -->
<testsuite hostname="DESKTOP-T2GAL12" ignored="0" name="Test" tests="9" failures="0" timestamp="2021-04-09T11:49:18 IST" time="346.693" errors="0">
  <testcase name="@BeforeTest bTest" time="40.924" classname="Practise.SeleniumProject.TestCase6">
    <failure type="org.openqa.selenium.WebDriverException" message="chrome not reachable
  (Session info: chrome=89.0.4389.114)
Build info: version: &amp;apos;3.141.59&amp;apos;, revision: &amp;apos;e82be7d358&amp;apos;, time: &amp;apos;2018-11-14T08:17:03&amp;apos;
System info: host: &amp;apos;DESKTOP-T2GAL12&amp;apos;, ip: &amp;apos;192.168.43.54&amp;apos;, os.name: &amp;apos;Windows 8.1&amp;apos;, os.arch: &amp;apos;amd64&amp;apos;, os.version: &amp;apos;6.3&amp;apos;, java.version: &amp;apos;1.8.0&amp;apos;
Driver info: org.openqa.selenium.chrome.ChromeDriver
Capabilities {acceptInsecureCerts: false, browserName: chrome, browserVersion: 89.0.4389.114, chrome: {chromedriverVersion: 89.0.4389.23 (61b08ee2c5002..., userDataDir: C:\Users\SOUMYA\AppData\Loc...}, goog:chromeOptions: {debuggerAddress: localhost:59690}, javascriptEnabled: true, networkConnectionEnabled: false, pageLoadStrategy: normal, platform: WINDOWS, platformName: WINDOWS, proxy: Proxy(), setWindowRect: true, strictFileInteractability: false, timeouts: {implicit: 0, pageLoad: 300000, script: 30000}, unhandledPromptBehavior: dismiss and notify, webauthn:extension:largeBlob: true, webauthn:virtualAuthenticators: true}
Session ID: c43b6fa5edf991b19c3599b44b354582">
      <![CDATA[org.openqa.selenium.WebDriverException: chrome not reachable
  (Session info: chrome=89.0.4389.114)
Build info: version: '3.141.59', revision: 'e82be7d358', time: '2018-11-14T08:17:03'
System info: host: 'DESKTOP-T2GAL12', ip: '192.168.43.54', os.name: 'Windows 8.1', os.arch: 'amd64', os.version: '6.3', java.version: '1.8.0'
Driver info: org.openqa.selenium.chrome.ChromeDriver
Capabilities {acceptInsecureCerts: false, browserName: chrome, browserVersion: 89.0.4389.114, chrome: {chromedriverVersion: 89.0.4389.23 (61b08ee2c5002..., userDataDir: C:\Users\SOUMYA\AppData\Loc...}, goog:chromeOptions: {debuggerAddress: localhost:59690}, javascriptEnabled: true, networkConnectionEnabled: false, pageLoadStrategy: normal, platform: WINDOWS, platformName: WINDOWS, proxy: Proxy(), setWindowRect: true, strictFileInteractability: false, timeouts: {implicit: 0, pageLoad: 300000, script: 30000}, unhandledPromptBehavior: dismiss and notify, webauthn:extension:largeBlob: true, webauthn:virtualAuthenticators: true}
Session ID: c43b6fa5edf991b19c3599b44b354582
at org.openqa.selenium.remote.http.W3CHttpResponseCodec.createException(W3CHttpResponseCodec.java:187)
at org.openqa.selenium.remote.http.W3CHttpResponseCodec.decode(W3CHttpResponseCodec.java:122)
at org.openqa.selenium.remote.http.W3CHttpResponseCodec.decode(W3CHttpResponseCodec.java:49)
at org.openqa.selenium.remote.HttpCommandExecutor.execute(HttpCommandExecutor.java:158)
at org.openqa.selenium.remote.service.DriverCommandExecutor.execute(DriverCommandExecutor.java:83)
at org.openqa.selenium.remote.RemoteWebDriver.execute(RemoteWebDriver.java:552)
at org.openqa.selenium.remote.RemoteWebDriver.execute(RemoteWebDriver.java:609)
at org.openqa.selenium.remote.RemoteWebDriver$RemoteWebDriverOptions$RemoteWindow.maximize(RemoteWebDriver.java:837)
at Practise.SeleniumProject.TestCase6.bTest(TestCase6.java:18)
... Removed 28 stack frames]]>
    </failure>
  </testcase> <!-- @BeforeTest bTest -->
  <testcase name="@BeforeTest bTest" time="-1.617949157481E9" classname="Practise.SeleniumProject.TestCase7">
    <skipped/>
  </testcase> <!-- @BeforeTest bTest -->
  <testcase name="@BeforeTest bTest" time="-1.617949157524E9" classname="Practise.SeleniumProject.TitleValidation">
    <skipped/>
  </testcase> <!-- @BeforeTest bTest -->
  <testcase name="@BeforeTest bTest" time="-1.617949157525E9" classname="Practise.SeleniumProject.URLValidation">
    <skipped/>
  </testcase> <!-- @BeforeTest bTest -->
  <testcase name="@AfterTest aTest" time="-1.617949158061E9" classname="Practise.SeleniumProject.DropDownValidation">
    <skipped/>
  </testcase> <!-- @AfterTest aTest -->
  <testcase name="@AfterTest aTest" time="-1.617949158063E9" classname="Practise.SeleniumProject.FlightBookingPage">
    <skipped/>
  </testcase> <!-- @AfterTest aTest -->
  <testcase name="@AfterTest aTest" time="-1.617949158064E9" classname="Practise.SeleniumProject.RadioBtnValidation">
    <skipped/>
  </testcase> <!-- @AfterTest aTest -->
  <testcase name="@AfterTest aTest" time="-1.617949158065E9" classname="Practise.SeleniumProject.TestCase5">
    <skipped/>
  </testcase> <!-- @AfterTest aTest -->
  <testcase name="@AfterTest aTest" time="-1.617949158067E9" classname="Practise.SeleniumProject.TestCase6">
    <skipped/>
  </testcase> <!-- @AfterTest aTest -->
  <testcase name="@AfterTest aTest" time="-1.617949158069E9" classname="Practise.SeleniumProject.TestCase7">
    <skipped/>
  </testcase> <!-- @AfterTest aTest -->
  <testcase name="@AfterTest aTest" time="-1.617949158071E9" classname="Practise.SeleniumProject.TitleValidation">
    <skipped/>
  </testcase> <!-- @AfterTest aTest -->
  <testcase name="@AfterTest aTest" time="-1.617949158072E9" classname="Practise.SeleniumProject.URLValidation">
    <skipped/>
  </testcase> <!-- @AfterTest aTest -->
  <testcase name="title" time="0.0" classname="Practise.SeleniumProject.TitleValidation">
    <skipped/>
  </testcase> <!-- title -->
  <testcase name="login" time="0.0" classname="Practise.SeleniumProject.TestCase5">
    <skipped/>
  </testcase> <!-- login -->
  <testcase name="booking" time="0.0" classname="Practise.SeleniumProject.FlightBookingPage">
    <skipped/>
  </testcase> <!-- booking -->
  <testcase name="url" time="0.0" classname="Practise.SeleniumProject.URLValidation">
    <skipped/>
  </testcase> <!-- url -->
  <testcase name="login" time="0.0" classname="Practise.SeleniumProject.TestCase6">
    <skipped/>
  </testcase> <!-- login -->
  <testcase name="login" time="0.0" classname="Practise.SeleniumProject.TestCase7">
    <skipped/>
  </testcase> <!-- login -->
  <testcase name="radioBtn" time="0.0" classname="Practise.SeleniumProject.RadioBtnValidation">
    <skipped/>
  </testcase> <!-- radioBtn -->
  <testcase name="radioBtn1" time="0.0" classname="Practise.SeleniumProject.RadioBtnValidation">
    <skipped/>
  </testcase> <!-- radioBtn1 -->
  <testcase name="cabinType" time="0.0" classname="Practise.SeleniumProject.DropDownValidation">
    <skipped/>
  </testcase> <!-- cabinType -->
</testsuite> <!-- Test -->
